[2019-10-06 17:36:58.828] [exthost] [info] extension host started
[2019-10-06 17:36:58.845] [exthost] [info] ExtensionService#_doActivateExtension vscode.debug-auto-launch {"startup":true,"activationEvent":"*"}
[2019-10-06 17:36:58.845] [exthost] [info] ExtensionService#loadCommonJSModule /usr/lib/code/extensions/debug-auto-launch/dist/extension
[2019-10-06 17:36:58.851] [exthost] [info] ExtensionService#_doActivateExtension vscode.emmet {"startup":true,"activationEvent":"*"}
[2019-10-06 17:36:58.851] [exthost] [info] ExtensionService#loadCommonJSModule /usr/lib/code/extensions/emmet/dist/extension
[2019-10-06 17:36:58.909] [exthost] [info] ExtensionService#_doActivateExtension vscode.git {"startup":true,"activationEvent":"*"}
[2019-10-06 17:36:58.909] [exthost] [info] ExtensionService#loadCommonJSModule /usr/lib/code/extensions/git/dist/main
[2019-10-06 17:36:59.048] [exthost] [info] ExtensionService#_doActivateExtension vscode.merge-conflict {"startup":true,"activationEvent":"*"}
[2019-10-06 17:36:59.048] [exthost] [info] ExtensionService#loadCommonJSModule /usr/lib/code/extensions/merge-conflict/dist/extension
[2019-10-06 17:36:59.062] [exthost] [info] ExtensionService#_doActivateExtension vscode.npm {"startup":true,"activationEvent":"workspaceContains:package.json"}
[2019-10-06 17:36:59.062] [exthost] [info] ExtensionService#loadCommonJSModule /usr/lib/code/extensions/npm/dist/main
[2019-10-06 17:36:59.159] [exthost] [info] eager extensions activated
[2019-10-06 17:42:39.695] [exthost] [info] ExtensionService#_doActivateExtension vscode.typescript-language-features {"startup":false,"activationEvent":"onLanguage:javascript"}
[2019-10-06 17:42:39.695] [exthost] [info] ExtensionService#loadCommonJSModule /usr/lib/code/extensions/typescript-language-features/dist/extension
[2019-10-06 17:42:57.573] [exthost] [error] [vscode.typescript-language-features] provider FAILED
[2019-10-06 17:42:57.573] [exthost] [error] {"label":"Acquiring typings...","detail":"Acquiring typings definitions for IntelliSense."}
[2019-10-06 17:43:16.163] [exthost] [info] ExtensionService#_doActivateExtension vscode.extension-editing {"startup":false,"activationEvent":"onLanguage:typescript"}
[2019-10-06 17:43:16.163] [exthost] [info] ExtensionService#loadCommonJSModule /usr/lib/code/extensions/extension-editing/dist/extension
[2019-10-06 18:02:57.778] [exthost] [error] [vscode.typescript-language-features] provider FAILED
[2019-10-06 18:02:57.780] [exthost] [error] Error: DisposableStore is missing...
	at R._convertCompletionItem (/usr/lib/code/out/vs/workbench/services/extensions/node/extensionHostProcess.js:563:173)
	at define.resolveCompletionItem.o.asPromise.then.e (/usr/lib/code/out/vs/workbench/services/extensions/node/extensionHostProcess.js:562:707)
[2019-10-06 18:03:29.482] [exthost] [error] [vscode.typescript-language-features] provider FAILED
[2019-10-06 18:03:29.483] [exthost] [error] Error: DisposableStore is missing...
	at R._convertCompletionItem (/usr/lib/code/out/vs/workbench/services/extensions/node/extensionHostProcess.js:563:173)
	at define.resolveCompletionItem.o.asPromise.then.e (/usr/lib/code/out/vs/workbench/services/extensions/node/extensionHostProcess.js:562:707)
